0 info it worked if it ends with ok
1 verbose cli [ '/usr/bin/node',
1 verbose cli   '/usr/bin/npm',
1 verbose cli   'install',
1 verbose cli   'grunt-protractor-runner',
1 verbose cli   '-',
1 verbose cli   '--save' ]
2 info using npm@1.4.28
3 info using node@v0.10.33
4 verbose node symlink /usr/bin/node
5 verbose readDependencies using package.json deps
6 verbose cache add [ 'grunt-protractor-runner', null ]
7 verbose cache add name=undefined spec="grunt-protractor-runner" args=["grunt-protractor-runner",null]
8 verbose parsed url { protocol: null,
8 verbose parsed url   slashes: null,
8 verbose parsed url   auth: null,
8 verbose parsed url   host: null,
8 verbose parsed url   port: null,
8 verbose parsed url   hostname: null,
8 verbose parsed url   hash: null,
8 verbose parsed url   search: null,
8 verbose parsed url   query: null,
8 verbose parsed url   pathname: 'grunt-protractor-runner',
8 verbose parsed url   path: 'grunt-protractor-runner',
8 verbose parsed url   href: 'grunt-protractor-runner' }
9 verbose cache add [ '-', null ]
10 verbose cache add name=undefined spec="-" args=["-",null]
11 verbose parsed url { protocol: null,
11 verbose parsed url   slashes: null,
11 verbose parsed url   auth: null,
11 verbose parsed url   host: null,
11 verbose parsed url   port: null,
11 verbose parsed url   hostname: null,
11 verbose parsed url   hash: null,
11 verbose parsed url   search: null,
11 verbose parsed url   query: null,
11 verbose parsed url   pathname: '-',
11 verbose parsed url   path: '-',
11 verbose parsed url   href: '-' }
12 silly lockFile 51620c80-grunt-protractor-runner grunt-protractor-runner
13 verbose lock grunt-protractor-runner /home/sveinn/.npm/51620c80-grunt-protractor-runner.lock
14 silly lockFile 3bc15c8a- -
15 verbose lock - /home/sveinn/.npm/3bc15c8a-.lock
16 silly lockFile 51620c80-grunt-protractor-runner grunt-protractor-runner
17 silly lockFile 51620c80-grunt-protractor-runner grunt-protractor-runner
18 silly lockFile 3bc15c8a- -
19 silly lockFile 3bc15c8a- -
20 verbose addNamed [ 'grunt-protractor-runner', '' ]
21 verbose addNamed [ null, '*' ]
22 silly lockFile 04296a9a-grunt-protractor-runner grunt-protractor-runner@
23 verbose lock grunt-protractor-runner@ /home/sveinn/.npm/04296a9a-grunt-protractor-runner.lock
24 verbose addNamed [ '-', '' ]
25 verbose addNamed [ null, '*' ]
26 silly lockFile c75fe0d4- -@
27 verbose lock -@ /home/sveinn/.npm/c75fe0d4-.lock
28 silly addNameRange { name: 'grunt-protractor-runner', range: '*', hasData: false }
29 silly addNameRange { name: '-', range: '*', hasData: false }
30 verbose request where is /-
31 verbose request registry https://registry.npmjs.org/
32 verbose request id f110b628a84bdacc
33 verbose url raw /-
34 verbose url resolving [ 'https://registry.npmjs.org/', './-' ]
35 verbose url resolved https://registry.npmjs.org/-
36 verbose request where is https://registry.npmjs.org/-
37 info trying registry request attempt 1 at 20:57:53
38 http GET https://registry.npmjs.org/-
39 verbose request where is /grunt-protractor-runner
40 verbose request registry https://registry.npmjs.org/
41 verbose url raw /grunt-protractor-runner
42 verbose url resolving [ 'https://registry.npmjs.org/', './grunt-protractor-runner' ]
43 verbose url resolved https://registry.npmjs.org/grunt-protractor-runner
44 verbose request where is https://registry.npmjs.org/grunt-protractor-runner
45 info trying registry request attempt 1 at 20:57:53
46 verbose etag "E22OR6NF37L9255XE3S98N74B"
47 http GET https://registry.npmjs.org/grunt-protractor-runner
48 http 304 https://registry.npmjs.org/grunt-protractor-runner
49 silly registry.get cb [ 304,
49 silly registry.get   { date: 'Wed, 17 Dec 2014 20:57:54 GMT',
49 silly registry.get     server: 'Apache',
49 silly registry.get     via: '1.1 varnish',
49 silly registry.get     'last-modified': 'Wed, 17 Dec 2014 20:57:54 GMT',
49 silly registry.get     'cache-control': 'max-age=60',
49 silly registry.get     etag: '"E22OR6NF37L9255XE3S98N74B"',
49 silly registry.get     age: '0',
49 silly registry.get     'x-served-by': 'cache-fra1228-FRA',
49 silly registry.get     'x-cache': 'HIT',
49 silly registry.get     'x-cache-hits': '1',
49 silly registry.get     'x-timer': 'S1418849874.065654,VS0,VE102',
49 silly registry.get     vary: 'Accept',
49 silly registry.get     'content-length': '0',
49 silly registry.get     'keep-alive': 'timeout=10, max=50',
49 silly registry.get     connection: 'Keep-Alive' } ]
50 verbose etag https://registry.npmjs.org/grunt-protractor-runner from cache
51 silly addNameRange number 2 { name: 'grunt-protractor-runner', range: '*', hasData: true }
52 silly addNameRange versions [ 'grunt-protractor-runner',
52 silly addNameRange   [ '0.1.0',
52 silly addNameRange     '0.1.1',
52 silly addNameRange     '0.1.2',
52 silly addNameRange     '0.1.3',
52 silly addNameRange     '0.1.4',
52 silly addNameRange     '0.1.5',
52 silly addNameRange     '0.1.6',
52 silly addNameRange     '0.1.7',
52 silly addNameRange     '0.1.8',
52 silly addNameRange     '0.1.9',
52 silly addNameRange     '0.1.10',
52 silly addNameRange     '0.1.11',
52 silly addNameRange     '0.2.0',
52 silly addNameRange     '0.2.1',
52 silly addNameRange     '0.2.2',
52 silly addNameRange     '0.2.3',
52 silly addNameRange     '0.2.4',
52 silly addNameRange     '0.2.5',
52 silly addNameRange     '1.0.0',
52 silly addNameRange     '1.0.1',
52 silly addNameRange     '1.1.0',
52 silly addNameRange     '1.1.1',
52 silly addNameRange     '1.1.2',
52 silly addNameRange     '1.1.3',
52 silly addNameRange     '1.1.4' ] ]
53 verbose addNamed [ 'grunt-protractor-runner', '1.1.4' ]
54 verbose addNamed [ '1.1.4', '1.1.4' ]
55 silly lockFile dba6b758-grunt-protractor-runner-1-1-4 grunt-protractor-runner@1.1.4
56 verbose lock grunt-protractor-runner@1.1.4 /home/sveinn/.npm/dba6b758-grunt-protractor-runner-1-1-4.lock
57 silly lockFile dba6b758-grunt-protractor-runner-1-1-4 grunt-protractor-runner@1.1.4
58 silly lockFile dba6b758-grunt-protractor-runner-1-1-4 grunt-protractor-runner@1.1.4
59 silly lockFile 04296a9a-grunt-protractor-runner grunt-protractor-runner@
60 silly lockFile 04296a9a-grunt-protractor-runner grunt-protractor-runner@
61 http 404 https://registry.npmjs.org/-
62 verbose headers { date: 'Wed, 17 Dec 2014 20:57:54 GMT',
62 verbose headers   server: 'CouchDB/1.5.0 (Erlang OTP/R16B03)',
62 verbose headers   'content-type': 'application/json',
62 verbose headers   'cache-control': 'max-age=0',
62 verbose headers   'content-length': '52',
62 verbose headers   'accept-ranges': 'bytes',
62 verbose headers   via: '1.1 varnish',
62 verbose headers   age: '0',
62 verbose headers   'x-served-by': 'cache-ams4130-AMS',
62 verbose headers   'x-cache': 'MISS',
62 verbose headers   'x-cache-hits': '0',
62 verbose headers   'x-timer': 'S1418849874.062115,VS0,VE783',
62 verbose headers   'keep-alive': 'timeout=10, max=50',
62 verbose headers   connection: 'Keep-Alive' }
63 silly registry.get cb [ 404,
63 silly registry.get   { date: 'Wed, 17 Dec 2014 20:57:54 GMT',
63 silly registry.get     server: 'CouchDB/1.5.0 (Erlang OTP/R16B03)',
63 silly registry.get     'content-type': 'application/json',
63 silly registry.get     'cache-control': 'max-age=0',
63 silly registry.get     'content-length': '52',
63 silly registry.get     'accept-ranges': 'bytes',
63 silly registry.get     via: '1.1 varnish',
63 silly registry.get     age: '0',
63 silly registry.get     'x-served-by': 'cache-ams4130-AMS',
63 silly registry.get     'x-cache': 'MISS',
63 silly registry.get     'x-cache-hits': '0',
63 silly registry.get     'x-timer': 'S1418849874.062115,VS0,VE783',
63 silly registry.get     'keep-alive': 'timeout=10, max=50',
63 silly registry.get     connection: 'Keep-Alive' } ]
64 silly lockFile c75fe0d4- -@
65 silly lockFile c75fe0d4- -@
66 error Error: not_found document not found: -
66 error     at RegClient.<anonymous> (/usr/lib/node_modules/npm/node_modules/npm-registry-client/lib/request.js:308:14)
66 error     at Request._callback (/usr/lib/node_modules/npm/node_modules/npm-registry-client/lib/request.js:246:65)
66 error     at Request.self.callback (/usr/lib/node_modules/npm/node_modules/request/request.js:236:22)
66 error     at Request.emit (events.js:98:17)
66 error     at Request.<anonymous> (/usr/lib/node_modules/npm/node_modules/request/request.js:1142:14)
66 error     at Request.emit (events.js:117:20)
66 error     at IncomingMessage.<anonymous> (/usr/lib/node_modules/npm/node_modules/request/request.js:1096:12)
66 error     at IncomingMessage.emit (events.js:117:20)
66 error     at _stream_readable.js:943:16
66 error     at process._tickCallback (node.js:419:13)
67 error If you need help, you may report this *entire* log,
67 error including the npm and node versions, at:
67 error     <http://github.com/npm/npm/issues>
68 error System Linux 3.13.0-24-generic
69 error command "/usr/bin/node" "/usr/bin/npm" "install" "grunt-protractor-runner" "-" "--save"
70 error cwd /home/sveinn/hgop/tictactoe/tictactoe
71 error node -v v0.10.33
72 error npm -v 1.4.28
73 verbose exit [ 1, true ]
